# JRE version: Java(TM) SE Runtime Environment (8.0_152-b16) (build 1.8.0_152-b16)
# Java VM: Java HotSpot(TM) Client VM (25.152-b16 mixed mode windows-x86 )
Heap:
 def new generation   total 80704K, used 41497K [0x04800000, 0x09f90000, 0x19d50000)
  eden space 71744K,  51% used [0x04800000, 0x06c12ea8, 0x08e10000)
  from space 8960K,  50% used [0x08e10000, 0x09283740, 0x096d0000)
  to   space 8960K,   0% used [0x096d0000, 0x096d0000, 0x09f90000)
 tenured generation   total 179256K, used 138945K [0x19d50000, 0x24c5e000, 0x44800000)
   the space 179256K,  77% used [0x19d50000, 0x22500458, 0x22500600, 0x24c5e000)
 Metaspace       used 32662K, capacity 34368K, committed 34432K, reserved 35200K
GC Heap History (10 events):
Event: 476573.589 GC heap before
{Heap before GC invocations=157 (full 4):
 def new generation   total 80704K, used 76487K [0x04800000, 0x09f90000, 0x19d50000)
  eden space 71744K, 100% used [0x04800000, 0x08e10000, 0x08e10000)
  from space 8960K,  52% used [0x096d0000, 0x09b71c38, 0x09f90000)
  to   space 8960K,   0% used [0x08e10000, 0x08e10000, 0x096d0000)
 tenured generation   total 179256K, used 135715K [0x19d50000, 0x24c5e000, 0x44800000)
   the space 179256K,  75% used [0x19d50000, 0x221d8ef0, 0x221d9000, 0x24c5e000)
 Metaspace       used 32660K, capacity 34368K, committed 34432K, reserved 35200K
Event: 476573.613 GC heap after
Heap after GC invocations=158 (full 4):
 def new generation   total 80704K, used 3801K [0x04800000, 0x09f90000, 0x19d50000)
  eden space 71744K,   0% used [0x04800000, 0x04800000, 0x08e10000)
  from space 8960K,  42% used [0x08e10000, 0x091c64b8, 0x096d0000)
  to   space 8960K,   0% used [0x096d0000, 0x096d0000, 0x09f90000)
 tenured generation   total 179256K, used 136879K [0x19d50000, 0x24c5e000, 0x44800000)
   the space 179256K,  76% used [0x19d50000, 0x222fbe90, 0x222fc000, 0x24c5e000)
 Metaspace       used 32660K, capacity 34368K, committed 34432K, reserved 35200K
}
Event: 476646.790 GC heap before
{Heap before GC invocations=158 (full 4):
 def new generation   total 80704K, used 75545K [0x04800000, 0x09f90000, 0x19d50000)
  eden space 71744K, 100% used [0x04800000, 0x08e10000, 0x08e10000)
  from space 8960K,  42% used [0x08e10000, 0x091c64b8, 0x096d0000)
  to   space 8960K,   0% used [0x096d0000, 0x096d0000, 0x09f90000)
 tenured generation   total 179256K, used 136879K [0x19d50000, 0x24c5e000, 0x44800000)
   the space 179256K,  76% used [0x19d50000, 0x222fbe90, 0x222fc000, 0x24c5e000)
 Metaspace       used 32660K, capacity 34368K, committed 34432K, reserved 35200K
Event: 476646.891 GC heap after
Heap after GC invocations=159 (full 4):
 def new generation   total 80704K, used 5175K [0x04800000, 0x09f90000, 0x19d50000)
  eden space 71744K,   0% used [0x04800000, 0x04800000, 0x08e10000)
  from space 8960K,  57% used [0x096d0000, 0x09bdddd8, 0x09f90000)
  to   space 8960K,   0% used [0x08e10000, 0x08e10000, 0x096d0000)
 tenured generation   total 179256K, used 136879K [0x19d50000, 0x24c5e000, 0x44800000)
   the space 179256K,  76% used [0x19d50000, 0x222fbe90, 0x222fc000, 0x24c5e000)
 Metaspace       used 32660K, capacity 34368K, committed 34432K, reserved 35200K
}
Event: 476722.499 GC heap before
{Heap before GC invocations=159 (full 4):
 def new generation   total 80704K, used 76919K [0x04800000, 0x09f90000, 0x19d50000)
  eden space 71744K, 100% used [0x04800000, 0x08e10000, 0x08e10000)
  from space 8960K,  57% used [0x096d0000, 0x09bdddd8, 0x09f90000)
  to   space 8960K,   0% used [0x08e10000, 0x08e10000, 0x096d0000)
 tenured generation   total 179256K, used 136879K [0x19d50000, 0x24c5e000, 0x44800000)
   the space 179256K,  76% used [0x19d50000, 0x222fbe90, 0x222fc000, 0x24c5e000)
 Metaspace       used 32660K, capacity 34368K, committed 34432K, reserved 35200K
Event: 476722.592 GC heap after
Heap after GC invocations=160 (full 4):
 def new generation   total 80704K, used 4611K [0x04800000, 0x09f90000, 0x19d50000)
  eden space 71744K,   0% used [0x04800000, 0x04800000, 0x08e10000)
  from space 8960K,  51% used [0x08e10000, 0x09290d28, 0x096d0000)
  to   space 8960K,   0% used [0x096d0000, 0x096d0000, 0x09f90000)
 tenured generation   total 179256K, used 137658K [0x19d50000, 0x24c5e000, 0x44800000)
   the space 179256K,  76% used [0x19d50000, 0x223bead0, 0x223bec00, 0x24c5e000)
 Metaspace       used 32660K, capacity 34368K, committed 34432K, reserved 35200K
}
Event: 476742.607 GC heap before
{Heap before GC invocations=160 (full 4):
 def new generation   total 80704K, used 76355K [0x04800000, 0x09f90000, 0x19d50000)
  eden space 71744K, 100% used [0x04800000, 0x08e10000, 0x08e10000)
  from space 8960K,  51% used [0x08e10000, 0x09290d28, 0x096d0000)
  to   space 8960K,   0% used [0x096d0000, 0x096d0000, 0x09f90000)
 tenured generation   total 179256K, used 137658K [0x19d50000, 0x24c5e000, 0x44800000)
   the space 179256K,  76% used [0x19d50000, 0x223bead0, 0x223bec00, 0x24c5e000)
 Metaspace       used 32660K, capacity 34368K, committed 34432K, reserved 35200K
Event: 476742.637 GC heap after
Heap after GC invocations=161 (full 4):
 def new generation   total 80704K, used 3421K [0x04800000, 0x09f90000, 0x19d50000)
  eden space 71744K,   0% used [0x04800000, 0x04800000, 0x08e10000)
  from space 8960K,  38% used [0x096d0000, 0x09a276a8, 0x09f90000)
  to   space 8960K,   0% used [0x08e10000, 0x08e10000, 0x096d0000)
 tenured generation   total 179256K, used 138945K [0x19d50000, 0x24c5e000, 0x44800000)
   the space 179256K,  77% used [0x19d50000, 0x22500458, 0x22500600, 0x24c5e000)
 Metaspace       used 32660K, capacity 34368K, committed 34432K, reserved 35200K
}
Event: 518058.197 GC heap before
{Heap before GC invocations=161 (full 4):
 def new generation   total 80704K, used 75165K [0x04800000, 0x09f90000, 0x19d50000)
  eden space 71744K, 100% used [0x04800000, 0x08e10000, 0x08e10000)
  from space 8960K,  38% used [0x096d0000, 0x09a276a8, 0x09f90000)
  to   space 8960K,   0% used [0x08e10000, 0x08e10000, 0x096d0000)
 tenured generation   total 179256K, used 138945K [0x19d50000, 0x24c5e000, 0x44800000)
   the space 179256K,  77% used [0x19d50000, 0x22500458, 0x22500600, 0x24c5e000)
 Metaspace       used 32660K, capacity 34368K, committed 34432K, reserved 35200K
Event: 518059.195 GC heap after
Heap after GC invocations=162 (full 4):
 def new generation   total 80704K, used 4557K [0x04800000, 0x09f90000, 0x19d50000)
  eden space 71744K,   0% used [0x04800000, 0x04800000, 0x08e10000)
  from space 8960K,  50% used [0x08e10000, 0x09283740, 0x096d0000)
  to   space 8960K,   0% used [0x096d0000, 0x096d0000, 0x09f90000)
 tenured generation   total 179256K, used 138945K [0x19d50000, 0x24c5e000, 0x44800000)
   the space 179256K,  77% used [0x19d50000, 0x22500458, 0x22500600, 0x24c5e000)
 Metaspace       used 32660K, capacity 34368K, committed 34432K, reserved 35200K
}

